2026-02-24 12:32:49,837 - __main__ - INFO - 后端日志文件: D:\code\下载音乐软件\logs\backend.log
2026-02-24 12:32:50,463 - pyqt_ui.music_downloader - INFO - Initializing MusicClient...
2026-02-24 12:32:51,553 - pyqt_ui.music_downloader - INFO - MusicClient initialized successfully with 180s timeout
2026-02-24 12:32:51,620 - __main__ - INFO - 后端日志文件: D:\code\下载音乐软件\logs\backend.log
2026-02-24 12:32:51,629 - __main__ - INFO - 静态文件目录: D:\code\下载音乐软件\backend\static
INFO:     Will watch for changes in these directories: ['D:\\code\\下载音乐软件']
INFO:     Uvicorn running on http://0.0.0.0:8002 (Press CTRL+C to quit)
INFO:     Started reloader process [38236] using StatReload
2026-02-24 12:32:52,106 - __mp_main__ - INFO - 后端日志文件: D:\code\下载音乐软件\logs\backend.log
2026-02-24 12:32:52,742 - pyqt_ui.music_downloader - INFO - Initializing MusicClient...
2026-02-24 12:32:54,083 - pyqt_ui.music_downloader - INFO - MusicClient initialized successfully with 180s timeout
2026-02-24 12:32:54,153 - __mp_main__ - INFO - 后端日志文件: D:\code\下载音乐软件\logs\backend.log
2026-02-24 12:32:54,163 - __mp_main__ - INFO - 静态文件目录: D:\code\下载音乐软件\backend\static
2026-02-24 12:32:54,232 - backend.main - INFO - 后端日志文件: D:\code\下载音乐软件\logs\backend.log
2026-02-24 12:32:54,233 - backend.main - INFO - 后端日志文件: D:\code\下载音乐软件\logs\backend.log
2026-02-24 12:32:54,243 - backend.main - INFO - 静态文件目录: D:\code\下载音乐软件\backend\static
INFO:     Started server process [18172]
INFO:     Waiting for application startup.
INFO:     Application startup complete.
WARNING:  StatReload detected changes in 'backend\workers\concurrent_search.py'. Reloading...
 