==========================================
   杨乃文歌单下载测试
==========================================
歌单URL: https://music.163.com/m/playlist?id=6922195323&creatorId=610906171
下载路径: D:\code\下载音乐软件\杨乃文

【步骤1】导航到歌单导入页面...
  页面加载完成
  截图: 01-page-loaded.png

【步骤2】解析歌单...
  已输入URL
  已点击解析按钮...
  歌单解析完成，共 21 首歌曲
  截图: 02-playlist-parsed.png

【步骤3】选中所有音乐源...
  网易云: 已选中
  QQ音乐: 已选中
  酷狗: 已选中
  酷我: 已选中
  截图: 03-music-sources.png

【步骤4】批量搜索...
  已点击全选按钮
  已点击批量搜索按钮...
  搜索进度条已显示
  📊 搜索进度: 0%
  ✅ 搜索完成！
  表格行数: 21
  ✅ 找到搜索结果！
    歌曲2: 相似度=杨乃文
    歌曲3: 相似度=杨乃文
  已匹配: 0 首
  截图: 04-search-results.png

【步骤5】检查下载区域...
  已设置下载路径: D:\code\下载音乐软件\杨乃文

【步骤6】验证最终状态...
  下载区域: 不可见
  下载按钮: 不可见
  截图: 05-download-section.png

==========================================
   测试总结
==========================================
  ✅ 歌单解析: 21 首歌曲
  ✅ 音乐源: 全部选中 (网易云, QQ音乐, 酷狗, 酷我)
  ✅ 搜索状态: 完成
  ✅ 搜索结果: 21 行
  ⚠️ 已匹配: 0 首
  ⚠️ 下载区域: 不可见
  ⚠️ 下载按钮: 不可见
  ✅ 下载路径: D:\code\下载音乐软件\杨乃文
  截图保存: e2e/screenshots/
==========================================

测试完成！请查看截图了解详细状态。
