2026-02-24 18:27:42,149 - __main__ - INFO - єу¶ЛИХЦѕОДјю: D:\code\ПВФШТфАЦИнјю\logs\backend.log
[MODULE LOAD] Loading concurrent_search.py from D:\code\ПВФШТфАЦИнјю\backend\..\backend\workers\concurrent_search.py
2026-02-24 18:27:42,927 - pyqt_ui.music_downloader - INFO - Initializing MusicClient...
2026-02-24 18:27:44,774 - pyqt_ui.music_downloader - INFO - MusicClient initialized successfully with 180s timeout
2026-02-24 18:27:44,907 - __main__ - INFO - єу¶ЛИХЦѕОДјю: D:\code\ПВФШТфАЦИнјю\logs\backend.log
2026-02-24 18:27:44,922 - __main__ - INFO - ѕІМ¬ОДјюДїВј: D:\code\ПВФШТфАЦИнјю\backend\static
INFO:     Will watch for changes in these directories: ['D:\\code\\ПВФШТфАЦИнјю']
INFO:     Uvicorn running on http://0.0.0.0:8002 (Press CTRL+C to quit)
INFO:     Started reloader process [43840] using StatReload
2026-02-24 18:27:45,569 - __mp_main__ - INFO - еђЋз«Їж—Ґеї—ж–‡д»¶: D:\code\дё‹иЅЅйџід№ђиЅЇд»¶\logs\backend.log
[MODULE LOAD] Loading concurrent_search.py from D:\code\дё‹иЅЅйџід№ђиЅЇд»¶\backend\..\backend\..\backend\workers\concurrent_search.py
2026-02-24 18:27:46,356 - pyqt_ui.music_downloader - INFO - Initializing MusicClient...
2026-02-24 18:27:48,263 - pyqt_ui.music_downloader - INFO - MusicClient initialized successfully with 180s timeout
2026-02-24 18:27:48,390 - __mp_main__ - INFO - еђЋз«Їж—Ґеї—ж–‡д»¶: D:\code\дё‹иЅЅйџід№ђиЅЇд»¶\logs\backend.log
2026-02-24 18:27:48,402 - __mp_main__ - INFO - йќ™жЂЃж–‡д»¶з›®еЅ•: D:\code\дё‹иЅЅйџід№ђиЅЇд»¶\backend\static
2026-02-24 18:27:48,490 - backend.main - INFO - еђЋз«Їж—Ґеї—ж–‡д»¶: D:\code\дё‹иЅЅйџід№ђиЅЇд»¶\logs\backend.log
2026-02-24 18:27:48,494 - backend.main - INFO - еђЋз«Їж—Ґеї—ж–‡д»¶: D:\code\дё‹иЅЅйџід№ђиЅЇд»¶\logs\backend.log
2026-02-24 18:27:48,534 - backend.main - INFO - йќ™жЂЃж–‡д»¶з›®еЅ•: D:\code\дё‹иЅЅйџід№ђиЅЇд»¶\backend\static
INFO:     Started server process [28848]
INFO:     Waiting for application startup.
INFO:     Application startup complete.
