INFO:     Will watch for changes in these directories: ['D:\\code\\music-downloader']
INFO:     Uvicorn running on http://0.0.0.0:8002 (Press CTRL+C to quit)
INFO:     Started reloader process [71880] using StatReload
2026-03-05 18:09:53,523 - backend.main - INFO - 后端日志文件: D:\code\music-downloader\logs\backend.log
2026-03-05 18:09:55,135 - core.downloader - INFO - Initializing MusicClient...
2026-03-05 18:09:56,264 - core.downloader - INFO - MusicClient initialized successfully with 180s timeout
2026-03-05 18:09:57,249 - backend.main - INFO - 静态文件目录: D:\code\music-downloader\backend\static
INFO:     Started server process [143552]
INFO:     Waiting for application startup.
INFO:     Application startup complete.
INFO:     127.0.0.1:54507 - "GET /api/playlist/batch-search-stream?songs_json=%5B%7B%22name%22%3A%22%E5%A4%9C%E6%9B%B2%22%2C%22artist%22%3A%22%E5%91%A8%E6%9D%B0%E4%BC%A6%22%2C%22album%22%3A%22%22%7D%2C%7B%22name%22%3A%22%E4%B8%83%E9%87%8C%E9%A6%99%22%2C%22artist%22%3A%22%E5%91%A8%E6%9D%B0%E4%BC%A6%22%2C%22album%22%3A%22%22%7D%5D&concurrency=5&sources=QQMusicClient%2CNeteaseMusicClient%2CKugouMusicClient%2CKuwoMusicClient%2CMiguMusicClient&similarity_threshold=0.4 HTTP/1.1" 200 OK
2026-03-05 18:14:13,213 - backend.api.playlist - INFO - [SSE] 开始批量搜索 2 首歌曲
2026-03-05 18:14:13,213 - backend.api.playlist - INFO - [SSE] Batch text preview: 夜曲 - 周杰伦
七里香 - 周杰伦...
2026-03-05 18:14:13,214 - backend.workers.concurrent_search - INFO - AsyncConcurrentSearcher initialized with concurrency=5, similarity_threshold=0.4
2026-03-05 18:14:13,214 - backend.api.playlist - INFO - [SSE] Created searcher with concurrency=5, similarity_threshold=0.4
2026-03-05 18:14:13,214 - backend.api.playlist - INFO - [SSE] 开始并发搜索 2 首歌曲，使用外部信号量控制并发
2026-03-05 18:14:13,214 - backend.api.playlist - INFO - [SSE] 启动了 2 个初始任务
2026-03-05 18:14:13,214 - backend.api.playlist - INFO - [SSE] 开始搜索歌曲 1/2: 夜曲
2026-03-05 18:14:13,214 - backend.api.playlist - INFO - [SSE] 开始搜索歌曲 2/2: 七里香
2026-03-05 18:14:13,215 - core.downloader - INFO - Searching single source 'QQMusicClient' for '夜曲 周杰伦'
2026-03-05 18:14:13,216 - core.downloader - INFO - Searching single source 'NeteaseMusicClient' for '夜曲 周杰伦'
2026-03-05 18:14:13,216 - core.downloader - INFO - Searching single source 'KugouMusicClient' for '夜曲 周杰伦'
2026-03-05 18:14:13,217 - core.downloader - INFO - Searching single source 'KuwoMusicClient' for '夜曲 周杰伦'
2026-03-05 18:14:13,217 - core.downloader - INFO - Searching single source 'MiguMusicClient' for '夜曲 周杰伦'
2026-03-05 18:14:13,557 - musicdl - INFO - Searching [93m夜曲 周杰伦[0m From [93mKuwoMusicClient[0m
2026-03-05 18:14:13,578 - musicdl - INFO - Searching [93m夜曲 周杰伦[0m From [93mMiguMusicClient[0m
2026-03-05 18:14:13,614 - musicdl - INFO - Searching [93m夜曲 周杰伦[0m From [93mNeteaseMusicClient[0m
2026-03-05 18:14:13,645 - musicdl - INFO - Searching [93m夜曲 周杰伦[0m From [93mKugouMusicClient[0m
2026-03-05 18:14:14,626 - musicdl - INFO - Searching [93m夜曲 周杰伦[0m From [93mQQMusicClient[0m
2026-03-05 18:14:17,553 - core.downloader - INFO - Found 1 results from MiguMusicClient
2026-03-05 18:14:17,554 - core.downloader - INFO - Searching single source 'QQMusicClient' for '七里香 周杰伦'
2026-03-05 18:14:18,690 - musicdl - INFO - Searching [93m七里香 周杰伦[0m From [93mQQMusicClient[0m
2026-03-05 18:14:20,617 - core.downloader - INFO - Found 5 results from KuwoMusicClient
2026-03-05 18:14:20,618 - core.downloader - INFO - Searching single source 'NeteaseMusicClient' for '七里香 周杰伦'
2026-03-05 18:14:20,717 - musicdl - INFO - Searching [93m七里香 周杰伦[0m From [93mNeteaseMusicClient[0m
2026-03-05 18:14:21,595 - core.downloader - INFO - Found 5 results from KugouMusicClient
2026-03-05 18:14:21,595 - core.downloader - INFO - Searching single source 'KugouMusicClient' for '七里香 周杰伦'
2026-03-05 18:14:21,683 - musicdl - INFO - Searching [93m七里香 周杰伦[0m From [93mKugouMusicClient[0m
2026-03-05 18:14:29,605 - core.downloader - INFO - Found 5 results from KugouMusicClient
2026-03-05 18:14:29,605 - core.downloader - INFO - Searching single source 'KuwoMusicClient' for '七里香 周杰伦'
2026-03-05 18:14:29,690 - musicdl - INFO - Searching [93m七里香 周杰伦[0m From [93mKuwoMusicClient[0m
2026-03-05 18:14:36,472 - core.downloader - INFO - Found 5 results from KuwoMusicClient
2026-03-05 18:14:36,472 - core.downloader - INFO - Searching single source 'MiguMusicClient' for '七里香 周杰伦'
2026-03-05 18:14:36,563 - musicdl - INFO - Searching [93m七里香 周杰伦[0m From [93mMiguMusicClient[0m
2026-03-05 18:14:39,120 - core.downloader - INFO - Found 2 results from NeteaseMusicClient
2026-03-05 18:14:40,486 - core.downloader - INFO - Found 1 results from MiguMusicClient
2026-03-05 18:14:41,895 - core.downloader - INFO - Found 3 results from NeteaseMusicClient
2026-03-05 18:15:02,137 - core.downloader - INFO - Found 3 results from QQMusicClient
2026-03-05 18:15:02,137 - backend.workers.concurrent_search - INFO - [匹配] 查询: 夜曲 - 周杰伦, 原始搜索结果数: 16
2026-03-05 18:15:02,140 - backend.api.playlist - INFO - [SSE] 完成搜索歌曲 1/2: 夜曲
2026-03-05 18:15:10,641 - core.downloader - INFO - Found 2 results from QQMusicClient
2026-03-05 18:15:10,641 - backend.workers.concurrent_search - INFO - [匹配] 查询: 七里香 - 周杰伦, 原始搜索结果数: 16
2026-03-05 18:15:10,642 - backend.api.playlist - INFO - [SSE] 完成搜索歌曲 2/2: 七里香
INFO:     127.0.0.1:57431 - "GET /api/playlist/batch-search-stream?songs_json=%5B%7B%22name%22%3A%22%E5%A4%9C%E6%9B%B2%22%2C%22artist%22%3A%22%E5%91%A8%E6%9D%B0%E4%BC%A6%22%2C%22album%22%3A%22%22%7D%2C%7B%22name%22%3A%22%E4%B8%83%E9%87%8C%E9%A6%99%22%2C%22artist%22%3A%22%E5%91%A8%E6%9D%B0%E4%BC%A6%22%2C%22album%22%3A%22%22%7D%5D&concurrency=5&sources=QQMusicClient%2CNeteaseMusicClient%2CKugouMusicClient%2CKuwoMusicClient%2CMiguMusicClient&similarity_threshold=0.4 HTTP/1.1" 200 OK
2026-03-05 18:19:45,450 - backend.api.playlist - INFO - [SSE] 开始批量搜索 2 首歌曲
2026-03-05 18:19:45,450 - backend.api.playlist - INFO - [SSE] Batch text preview: 夜曲 - 周杰伦
七里香 - 周杰伦...
2026-03-05 18:19:45,451 - backend.workers.concurrent_search - INFO - AsyncConcurrentSearcher initialized with concurrency=5, similarity_threshold=0.4
2026-03-05 18:19:45,451 - backend.api.playlist - INFO - [SSE] Created searcher with concurrency=5, similarity_threshold=0.4
2026-03-05 18:19:45,451 - backend.api.playlist - INFO - [SSE] 开始并发搜索 2 首歌曲，使用外部信号量控制并发
2026-03-05 18:19:45,451 - backend.api.playlist - INFO - [SSE] 启动了 2 个初始任务
2026-03-05 18:19:45,451 - backend.api.playlist - INFO - [SSE] 开始搜索歌曲 1/2: 夜曲
2026-03-05 18:19:45,451 - backend.api.playlist - INFO - [SSE] 开始搜索歌曲 2/2: 七里香
2026-03-05 18:19:45,452 - core.downloader - INFO - Searching single source 'QQMusicClient' for '夜曲 周杰伦'
2026-03-05 18:19:45,452 - core.downloader - INFO - Searching single source 'NeteaseMusicClient' for '夜曲 周杰伦'
2026-03-05 18:19:45,453 - core.downloader - INFO - Searching single source 'KugouMusicClient' for '夜曲 周杰伦'
2026-03-05 18:19:45,454 - core.downloader - INFO - Searching single source 'KuwoMusicClient' for '夜曲 周杰伦'
2026-03-05 18:19:45,455 - core.downloader - INFO - Searching single source 'MiguMusicClient' for '夜曲 周杰伦'
2026-03-05 18:19:45,801 - musicdl - INFO - Searching [93m夜曲 周杰伦[0m From [93mKugouMusicClient[0m
2026-03-05 18:19:45,813 - musicdl - INFO - Searching [93m夜曲 周杰伦[0m From [93mKuwoMusicClient[0m
2026-03-05 18:19:45,839 - musicdl - INFO - Searching [93m夜曲 周杰伦[0m From [93mNeteaseMusicClient[0m
2026-03-05 18:19:45,883 - musicdl - INFO - Searching [93m夜曲 周杰伦[0m From [93mMiguMusicClient[0m
2026-03-05 18:19:46,896 - musicdl - INFO - Searching [93m夜曲 周杰伦[0m From [93mQQMusicClient[0m
2026-03-05 18:19:49,726 - core.downloader - INFO - Found 1 results from MiguMusicClient
2026-03-05 18:19:49,726 - core.downloader - INFO - Searching single source 'QQMusicClient' for '七里香 周杰伦'
2026-03-05 18:19:50,858 - musicdl - INFO - Searching [93m七里香 周杰伦[0m From [93mQQMusicClient[0m
2026-03-05 18:19:51,748 - core.downloader - INFO - Found 5 results from KugouMusicClient
2026-03-05 18:19:51,748 - core.downloader - INFO - Searching single source 'NeteaseMusicClient' for '七里香 周杰伦'
2026-03-05 18:19:51,840 - musicdl - INFO - Searching [93m七里香 周杰伦[0m From [93mNeteaseMusicClient[0m
2026-03-05 18:19:51,843 - core.downloader - INFO - Found 0 results from QQMusicClient
2026-03-05 18:19:51,843 - core.downloader - INFO - Searching single source 'KugouMusicClient' for '七里香 周杰伦'
2026-03-05 18:19:51,932 - musicdl - INFO - Searching [93m七里香 周杰伦[0m From [93mKugouMusicClient[0m
2026-03-05 18:19:53,358 - core.downloader - INFO - Found 5 results from KuwoMusicClient
2026-03-05 18:19:53,358 - core.downloader - INFO - Searching single source 'KuwoMusicClient' for '七里香 周杰伦'
2026-03-05 18:19:53,444 - musicdl - INFO - Searching [93m七里香 周杰伦[0m From [93mKuwoMusicClient[0m
2026-03-05 18:19:57,919 - core.downloader - INFO - Found 5 results from KugouMusicClient
2026-03-05 18:19:57,919 - core.downloader - INFO - Searching single source 'MiguMusicClient' for '七里香 周杰伦'
2026-03-05 18:19:58,016 - musicdl - INFO - Searching [93m七里香 周杰伦[0m From [93mMiguMusicClient[0m
2026-03-05 18:20:01,852 - core.downloader - INFO - Found 1 results from MiguMusicClient
2026-03-05 18:20:03,040 - core.downloader - INFO - Found 5 results from KuwoMusicClient
2026-03-05 18:20:10,490 - core.downloader - INFO - Found 2 results from NeteaseMusicClient
2026-03-05 18:20:11,649 - core.downloader - INFO - Found 3 results from NeteaseMusicClient
2026-03-05 18:20:11,650 - backend.workers.concurrent_search - INFO - [匹配] 查询: 七里香 - 周杰伦, 原始搜索结果数: 14
2026-03-05 18:20:11,651 - backend.api.playlist - INFO - [SSE] 完成搜索歌曲 2/2: 七里香
2026-03-05 18:20:11,651 - backend.api.playlist - INFO - [SSE] Processing result 2: song={'name': '七里香', 'singer': '周杰伦', 'original_line': '七里香 - 周杰伦'}, batch_match type=<class 'core.models.BatchSongMatch'>
2026-03-05 18:20:11,651 - backend.api.playlist - INFO - [SSE] 进度: 50% - 七里香
2026-03-05 18:20:30,221 - core.downloader - INFO - Found 3 results from QQMusicClient
2026-03-05 18:20:30,221 - backend.workers.concurrent_search - INFO - [匹配] 查询: 夜曲 - 周杰伦, 原始搜索结果数: 16
2026-03-05 18:20:30,222 - backend.api.playlist - INFO - [SSE] 完成搜索歌曲 1/2: 夜曲
2026-03-05 18:20:30,222 - backend.api.playlist - INFO - [SSE] Processing result 1: song={'name': '夜曲', 'singer': '周杰伦', 'original_line': '夜曲 - 周杰伦'}, batch_match type=<class 'core.models.BatchSongMatch'>
2026-03-05 18:20:30,223 - backend.api.playlist - INFO - [SSE] 进度: 100% - 夜曲
2026-03-05 18:20:30,223 - backend.api.playlist - INFO - [SSE] Before serialization: matched_count=2, total_songs=2
2026-03-05 18:20:30,223 - backend.api.playlist - INFO - [SSE] matches_dict keys: ['七里香 - 周杰伦', '夜曲 - 周杰伦']
2026-03-05 18:20:30,223 - backend.api.playlist - INFO - [SSE] Sending complete event: matched=2, total=2
2026-03-05 18:20:30,224 - backend.api.playlist - INFO - [SSE] Final result keys: ['total', 'matched', 'matches']
2026-03-05 18:20:30,224 - backend.api.playlist - INFO - [SSE] Final matched value type: <class 'int'>
INFO:     127.0.0.1:49890 - "GET /api/playlist/batch-search-stream?songs_json=%5B%7B%22name%22%3A%22%E5%A4%9C%E6%9B%B2%22%2C%22artist%22%3A%22%E5%91%A8%E6%9D%B0%E4%BC%A6%22%2C%22album%22%3A%22%22%7D%2C%7B%22name%22%3A%22%E4%B8%83%E9%87%8C%E9%A6%99%22%2C%22artist%22%3A%22%E5%91%A8%E6%9D%B0%E4%BC%A6%22%2C%22album%22%3A%22%22%7D%5D&concurrency=5&sources=QQMusicClient%2CNeteaseMusicClient%2CKugouMusicClient%2CKuwoMusicClient%2CMiguMusicClient&similarity_threshold=0.4 HTTP/1.1" 200 OK
2026-03-05 18:22:05,562 - backend.api.playlist - INFO - [SSE] 开始批量搜索 2 首歌曲
2026-03-05 18:22:05,562 - backend.api.playlist - INFO - [SSE] Batch text preview: 夜曲 - 周杰伦
七里香 - 周杰伦...
2026-03-05 18:22:05,562 - backend.workers.concurrent_search - INFO - AsyncConcurrentSearcher initialized with concurrency=5, similarity_threshold=0.4
2026-03-05 18:22:05,562 - backend.api.playlist - INFO - [SSE] Created searcher with concurrency=5, similarity_threshold=0.4
2026-03-05 18:22:05,562 - backend.api.playlist - INFO - [SSE] 开始并发搜索 2 首歌曲，使用外部信号量控制并发
2026-03-05 18:22:05,562 - backend.api.playlist - INFO - [SSE] 启动了 2 个初始任务
2026-03-05 18:22:05,562 - backend.api.playlist - INFO - [SSE] 开始搜索歌曲 1/2: 夜曲
2026-03-05 18:22:05,562 - backend.api.playlist - INFO - [SSE] 开始搜索歌曲 2/2: 七里香
2026-03-05 18:22:05,563 - core.downloader - INFO - Searching single source 'QQMusicClient' for '夜曲 周杰伦'
2026-03-05 18:22:05,564 - core.downloader - INFO - Searching single source 'NeteaseMusicClient' for '夜曲 周杰伦'
2026-03-05 18:22:05,564 - core.downloader - INFO - Searching single source 'KugouMusicClient' for '夜曲 周杰伦'
2026-03-05 18:22:05,565 - core.downloader - INFO - Searching single source 'KuwoMusicClient' for '夜曲 周杰伦'
2026-03-05 18:22:05,565 - core.downloader - INFO - Searching single source 'MiguMusicClient' for '夜曲 周杰伦'
2026-03-05 18:22:05,760 - musicdl - INFO - Searching [93m夜曲 周杰伦[0m From [93mNeteaseMusicClient[0m
2026-03-05 18:22:05,924 - musicdl - INFO - Searching [93m夜曲 周杰伦[0m From [93mKuwoMusicClient[0m
2026-03-05 18:22:05,978 - musicdl - INFO - Searching [93m夜曲 周杰伦[0m From [93mKugouMusicClient[0m
2026-03-05 18:22:05,997 - musicdl - INFO - Searching [93m夜曲 周杰伦[0m From [93mMiguMusicClient[0m
2026-03-05 18:22:06,952 - musicdl - INFO - Searching [93m夜曲 周杰伦[0m From [93mQQMusicClient[0m
2026-03-05 18:22:10,169 - core.downloader - INFO - Found 1 results from MiguMusicClient
2026-03-05 18:22:10,169 - core.downloader - INFO - Searching single source 'QQMusicClient' for '七里香 周杰伦'
2026-03-05 18:22:11,348 - musicdl - INFO - Searching [93m七里香 周杰伦[0m From [93mQQMusicClient[0m
2026-03-05 18:22:11,796 - core.downloader - INFO - Found 5 results from KugouMusicClient
2026-03-05 18:22:11,797 - core.downloader - INFO - Searching single source 'NeteaseMusicClient' for '七里香 周杰伦'
2026-03-05 18:22:11,880 - musicdl - INFO - Searching [93m七里香 周杰伦[0m From [93mNeteaseMusicClient[0m
2026-03-05 18:22:15,435 - core.downloader - INFO - Found 5 results from KuwoMusicClient
2026-03-05 18:22:15,435 - core.downloader - INFO - Searching single source 'KugouMusicClient' for '七里香 周杰伦'
2026-03-05 18:22:15,522 - musicdl - INFO - Searching [93m七里香 周杰伦[0m From [93mKugouMusicClient[0m
2026-03-05 18:22:21,545 - core.downloader - INFO - Found 5 results from KugouMusicClient
2026-03-05 18:22:21,546 - core.downloader - INFO - Searching single source 'KuwoMusicClient' for '七里香 周杰伦'
2026-03-05 18:22:21,634 - musicdl - INFO - Searching [93m七里香 周杰伦[0m From [93mKuwoMusicClient[0m
2026-03-05 18:22:29,163 - core.downloader - INFO - Found 5 results from KuwoMusicClient
2026-03-05 18:22:29,163 - core.downloader - INFO - Searching single source 'MiguMusicClient' for '七里香 周杰伦'
2026-03-05 18:22:29,263 - musicdl - INFO - Searching [93m七里香 周杰伦[0m From [93mMiguMusicClient[0m
2026-03-05 18:22:31,691 - core.downloader - INFO - Found 2 results from NeteaseMusicClient
2026-03-05 18:22:33,054 - core.downloader - INFO - Found 1 results from MiguMusicClient
2026-03-05 18:22:33,426 - core.downloader - INFO - Found 3 results from NeteaseMusicClient
2026-03-05 18:22:54,913 - core.downloader - INFO - Found 3 results from QQMusicClient
2026-03-05 18:22:54,913 - backend.workers.concurrent_search - INFO - [匹配] 查询: 夜曲 - 周杰伦, 原始搜索结果数: 16
2026-03-05 18:22:54,914 - backend.api.playlist - INFO - [SSE] 完成搜索歌曲 1/2: 夜曲
2026-03-05 18:22:54,914 - backend.api.playlist - INFO - [SSE] Processing result 1: song={'name': '夜曲', 'singer': '周杰伦', 'original_line': '夜曲 - 周杰伦'}, batch_match type=<class 'core.models.BatchSongMatch'>
2026-03-05 18:22:54,914 - backend.api.playlist - INFO - [SSE] 进度: 50% - 夜曲
2026-03-05 18:23:04,183 - core.downloader - INFO - Found 2 results from QQMusicClient
2026-03-05 18:23:04,183 - backend.workers.concurrent_search - INFO - [匹配] 查询: 七里香 - 周杰伦, 原始搜索结果数: 16
2026-03-05 18:23:04,184 - backend.api.playlist - INFO - [SSE] 完成搜索歌曲 2/2: 七里香
2026-03-05 18:23:04,185 - backend.api.playlist - INFO - [SSE] Processing result 2: song={'name': '七里香', 'singer': '周杰伦', 'original_line': '七里香 - 周杰伦'}, batch_match type=<class 'core.models.BatchSongMatch'>
2026-03-05 18:23:04,185 - backend.api.playlist - INFO - [SSE] 进度: 100% - 七里香
2026-03-05 18:23:04,185 - backend.api.playlist - INFO - [SSE] Before serialization: matched_count=2, total_songs=2
2026-03-05 18:23:04,185 - backend.api.playlist - INFO - [SSE] matches_dict keys: ['夜曲 - 周杰伦', '七里香 - 周杰伦']
2026-03-05 18:23:04,185 - backend.api.playlist - INFO - [SSE] Sending complete event: matched=2, total=2
2026-03-05 18:23:04,185 - backend.api.playlist - INFO - [SSE] Final result keys: ['total', 'matched', 'matches']
2026-03-05 18:23:04,185 - backend.api.playlist - INFO - [SSE] Final matched value type: <class 'int'>
2026-03-05 18:23:26,612 - backend.api.history - INFO - [History] Retrieved 0 records
INFO:     127.0.0.1:62769 - "GET /api/history HTTP/1.1" 200 OK
INFO:     127.0.0.1:62776 - "GET /api/history/stats HTTP/1.1" 200 OK
INFO:     127.0.0.1:60981 - "GET /api/search/sources HTTP/1.1" 200 OK
INFO:     127.0.0.1:57824 - "GET /api/search/sources HTTP/1.1" 